Added Component: Designator=J3(FLE-107-01-G-DV-A)
Added Component: Designator=J4(FLE-110-01-G-DV-A)
Added Component: Designator=J9(FLE-112-01-G-DV-A)
Added Pin To Net: NetName=GND Pin=J3-1
Added Pin To Net: NetName=VIO_3V3 Pin=J3-2
Added Pin To Net: NetName=SSP1_SCK Pin=J3-3
Added Pin To Net: NetName=SSP1_MOSI Pin=J3-4
Added Pin To Net: NetName=SSP1_MISO Pin=J3-5
Added Pin To Net: NetName=SSP1_SEL Pin=J3-6
Added Pin To Net: NetName=UART2_RXD Pin=J3-7
Added Pin To Net: NetName=UART2_TXD Pin=J3-8
Added Pin To Net: NetName=I2C_SCL Pin=J3-9
Added Pin To Net: NetName=I2C_SDA Pin=J3-10
Added Pin To Net: NetName=GPIO5_8 Pin=J3-11
Added Pin To Net: NetName=GPIO5_9 Pin=J3-12
Added Pin To Net: NetName=GPIO3_5 Pin=J3-13
Added Pin To Net: NetName=GPIO3_7 Pin=J3-14
Added Pin To Net: NetName=GND Pin=J4-1
Added Pin To Net: NetName=VDDA Pin=J4-2
Added Pin To Net: NetName=GND Pin=J4-3
Added Pin To Net: NetName=EXP_ADC0_DAC Pin=J4-4
Added Pin To Net: NetName=GND Pin=J4-5
Added Pin To Net: NetName=EXP_ADC1 Pin=J4-6
Added Pin To Net: NetName=GND Pin=J4-7
Added Pin To Net: NetName=EXP_ADC2 Pin=J4-8
Added Pin To Net: NetName=GND Pin=J4-9
Added Pin To Net: NetName=EXP_ADC3 Pin=J4-10
Added Pin To Net: NetName=GND Pin=J4-11
Added Pin To Net: NetName=DIR_U4 Pin=J4-12
Added Pin To Net: NetName=GND Pin=J4-13
Added Pin To Net: NetName=DIR_U3 Pin=J4-14
Added Pin To Net: NetName=GND Pin=J4-15
Added Pin To Net: NetName=SGPIO_9_BUF Pin=J4-16
Added Pin To Net: NetName=GND Pin=J4-17
Added Pin To Net: NetName=SGPIO_10_BUF Pin=J4-18
Added Pin To Net: NetName=GND Pin=J4-19
Added Pin To Net: NetName=VIO_3V3 Pin=J4-20
Added Pin To Net: NetName=GND Pin=J9-1
Added Pin To Net: NetName=VIO_3V3 Pin=J9-2
Added Pin To Net: NetName=GND Pin=J9-3
Added Pin To Net: NetName=GPIO1_0 Pin=J9-4
Added Pin To Net: NetName=GND Pin=J9-5
Added Pin To Net: NetName=GPIO1_1 Pin=J9-6
Added Pin To Net: NetName=GND Pin=J9-7
Added Pin To Net: NetName=GPIO1_2 Pin=J9-8
Added Pin To Net: NetName=GND Pin=J9-9
Added Pin To Net: NetName=GPIO1_3 Pin=J9-10
Added Pin To Net: NetName=GND Pin=J9-11
Added Pin To Net: NetName=GPIO1_4 Pin=J9-12
Added Pin To Net: NetName=GND Pin=J9-13
Added Pin To Net: NetName=GPIO1_12 Pin=J9-14
Added Pin To Net: NetName=GND Pin=J9-15
Added Pin To Net: NetName=GPIO1_13 Pin=J9-16
Added Pin To Net: NetName=GND Pin=J9-17
Added Pin To Net: NetName=GPIO3_0 Pin=J9-18
Added Pin To Net: NetName=GND Pin=J9-19
Added Pin To Net: NetName=GPIO3_1 Pin=J9-20
Added Pin To Net: NetName=GND Pin=J9-21
Added Pin To Net: NetName=GPIO3_2 Pin=J9-22
Added Pin To Net: NetName=GND Pin=J9-23
Added Pin To Net: NetName=GPIO3_3 Pin=J9-24
Added Member To Class: ClassName=LPC-LINK-2_SHIELD Member=Component J3 FLE-107-01-G-DV-A
Added Member To Class: ClassName=LPC-LINK-2_SHIELD Member=Component J4 FLE-110-01-G-DV-A
Added Member To Class: ClassName=LPC-LINK-2_SHIELD Member=Component J9 FLE-112-01-G-DV-A
