Added Net: Name=DIR_U3
Added Net: Name=DIR_U4
Added Net: Name=EXP_ADC0_DAC
Added Net: Name=EXP_ADC1
Added Net: Name=EXP_ADC2
Added Net: Name=EXP_ADC3
Added Net: Name=GND
Added Net: Name=GPIO1_0
Added Net: Name=GPIO1_1
Added Net: Name=GPIO1_2
Added Net: Name=GPIO1_3
Added Net: Name=GPIO1_4
Added Net: Name=GPIO1_12
Added Net: Name=GPIO1_13
Added Net: Name=GPIO3_0
Added Net: Name=GPIO3_1
Added Net: Name=GPIO3_2
Added Net: Name=GPIO3_3
Added Net: Name=GPIO3_5
Added Net: Name=GPIO3_7
Added Net: Name=GPIO5_8
Added Net: Name=GPIO5_9
Added Net: Name=I2C_SCL
Added Net: Name=I2C_SDA
Added Net: Name=SGPIO_9_BUF
Added Net: Name=SGPIO_10_BUF
Added Net: Name=SSP1_MISO
Added Net: Name=SSP1_MOSI
Added Net: Name=SSP1_SCK
Added Net: Name=SSP1_SEL
Added Net: Name=UART2_RXD
Added Net: Name=UART2_TXD
Added Net: Name=VDDA
Added Net: Name=VIO_3V3
Added Class: Name=LPC-LINK-2_SHIELD
Added Room: Name=LPC-LINK-2_SHIELD
